    0.10    0.00000
    0.20    0.33323
    0.30    0.47069
    0.40    0.55263
    0.50    0.60899
    0.60    0.63719
    0.70    0.65339
    0.80    0.69144
    0.90    0.70121
    1.00    0.70870
    1.10    0.70168
    1.20    0.69581
    1.30    0.68511
    1.40    0.69368
    1.50    0.69907
    1.60    0.71855
    1.70    0.73736
    1.80    0.75361
    1.90    0.76969
    2.00    0.78689
    2.10    0.79355
    2.20    0.78482
    2.30    0.79261
    2.40    0.80243
    2.50    0.80432
    2.60    0.81251
    2.70    0.81311
    2.80    0.82458
    2.90    0.82638
    3.00    0.80841
    3.10    0.79773
    3.20    0.78466
    3.30    0.77956
    3.40    0.77153
    3.50    0.77428
    3.60    0.78154
    3.70    0.79699
    3.80    0.79993
    3.90    0.80967
    4.00    0.81085
    4.10    0.81478
    4.20    0.80680
    4.30    0.80248
    4.40    0.80274
    4.50    0.80863
    4.60    0.82054
    4.70    0.83307
    4.80    0.84888
    4.90    0.85889
    5.00    0.86184
    5.10    0.86570
    5.20    0.87622
    5.30    0.88253
    5.40    0.89855
    5.50    0.90615
    5.60    0.91217
    5.70    0.91960
    5.80    0.92665
    5.90    0.91909
    6.00    0.91685
    6.10    0.91270
    6.20    0.90470
    6.30    0.90308
    6.40    0.89771
    6.50    0.89474
    6.60    0.88715
    6.70    0.89066
    6.80    0.88683
    6.90    0.87072
    7.00    0.87034
    7.10    0.87099
    7.20    0.87708
    7.30    0.87939
    7.40    0.90133
    7.50    0.92653
    7.60    0.95774
    7.70    0.98523
    7.80    1.00157
    7.90    1.00649
    8.00    1.00526
    8.10    1.01811
    8.20    1.02051
    8.30    1.00710
    8.40    1.00057
    8.50    1.00219
    8.60    1.01037
    8.70    1.00540
    8.80    1.00991
    8.90    1.01597
    9.00    1.01531
    9.10    1.02034
    9.20    1.01537
    9.30    1.00441
    9.40    0.99155
    9.50    0.98674
    9.60    0.97920
    9.70    0.96525
    9.80    0.96832
    9.90    0.98067
   10.00    0.98673
   10.10    0.99029
   10.20    0.99629
   10.30    0.99441
   10.40    0.99458
   10.50    1.01036
   10.60    1.01139
   10.70    1.01424
   10.80    1.03055
   10.90    1.03835
   11.00    1.02754
   11.10    1.01335
   11.20    0.99771
   11.30    0.99086
   11.40    1.00342
   11.50    1.01243
   11.60    1.01761
   11.70    0.99868
   11.80    0.99211
   11.90    0.99855
   12.00    1.00912
   12.10    1.01883
   12.20    1.01815
   12.30    1.02895
   12.40    1.03465
   12.50    1.05004
   12.60    1.05218
   12.70    1.05581
   12.80    1.06361
   12.90    1.06535
   13.00    1.07072
   13.10    1.08070
   13.20    1.08029
   13.30    1.09890
   13.40    1.11437
   13.50    1.11271
   13.60    1.11443
   13.70    1.11470
   13.80    1.11883
   13.90    1.12908
   14.00    1.13386
   14.10    1.12841
   14.20    1.11417
   14.30    1.10075
   14.40    1.08666
   14.50    1.08821
   14.60    1.08928
   14.70    1.08913
   14.80    1.08425
   14.90    1.08960
   15.00    1.09171
   15.10    1.08967
   15.20    1.09302
   15.30    1.09162
   15.40    1.08982
   15.50    1.09223
   15.60    1.08960
   15.70    1.08192
   15.80    1.08050
   15.90    1.08563
   16.00    1.08799
   16.10    1.09569
   16.20    1.09803
   16.30    1.09797
   16.40    1.09727
   16.50    1.09354
   16.60    1.08487
   16.70    1.08437
   16.80    1.07810
   16.90    1.07116
   17.00    1.05784
   17.10    1.05037
   17.20    1.03804
   17.30    1.01977
   17.40    1.01233
   17.50    1.02573
   17.60    1.03997
   17.70    1.04819
   17.80    1.05559
   17.90    1.06245
   18.00    1.07289
   18.10    1.07862
   18.20    1.08714
   18.30    1.10019
   18.40    1.10423
   18.50    1.11312
   18.60    1.11255
   18.70    1.09943
   18.80    1.08020
   18.90    1.08271
   19.00    1.07700
   19.10    1.08113
   19.20    1.09033
   19.30    1.09144
   19.40    1.08439
   19.50    1.07867
   19.60    1.08159
   19.70    1.07833
   19.80    1.07428
   19.90    1.06891
   20.00    1.06205
   20.10    1.06926
   20.20    1.08159
   20.30    1.08117
   20.40    1.08128
   20.50    1.08833
   20.60    1.09324
   20.70    1.08549
   20.80    1.08357
   20.90    1.08230
   21.00    1.08773
   21.10    1.09617
   21.20    1.10661
   21.30    1.10509
   21.40    1.09529
   21.50    1.08427
   21.60    1.07639
   21.70    1.07841
   21.80    1.07957
   21.90    1.08941
   22.00    1.09791
   22.10    1.11000
   22.20    1.10263
   22.30    1.09445
   22.40    1.07487
   22.50    1.07158
   22.60    1.06428
   22.70    1.06600
   22.80    1.06222
   22.90    1.06384
   23.00    1.07278
   23.10    1.08197
   23.20    1.10343
   23.30    1.12436
   23.40    1.13758
   23.50    1.13744
   23.60    1.12861
   23.70    1.11816
   23.80    1.10196
   23.90    1.10180
   24.00    1.10889
   24.10    1.11488
   24.20    1.12496
   24.30    1.13414
   24.40    1.13476
   24.50    1.13671
   24.60    1.13124
   24.70    1.13322
   24.80    1.13560
   24.90    1.13780
   25.00    1.13598
   25.10    1.13844
   25.20    1.14464
   25.30    1.14235
   25.40    1.12795
   25.50    1.12398
   25.60    1.11161
   25.70    1.11350
   25.80    1.12258
   25.90    1.13950
   26.00    1.13629
   26.10    1.14007
   26.20    1.13597
   26.30    1.13750
   26.40    1.14409
   26.50    1.13796
   26.60    1.14105
   26.70    1.14699
   26.80    1.14870
   26.90    1.15079
   27.00    1.14906
   27.10    1.15373
   27.20    1.15321
   27.30    1.14590
   27.40    1.13999
   27.50    1.13860
   27.60    1.15304
   27.70    1.17340
   27.80    1.18374
   27.90    1.18451
   28.00    1.18924
   28.10    1.18533
   28.20    1.18562
   28.30    1.19151
   28.40    1.18114
   28.50    1.17574
   28.60    1.17308
   28.70    1.17166
   28.80    1.16634
   28.90    1.17579
   29.00    1.17950
   29.10    1.16283
   29.20    1.15903
   29.30    1.15691
   29.40    1.16974
   29.50    1.18500
   29.60    1.19292
   29.70    1.19508
   29.80    1.18892
   29.90    1.18994
   30.00    1.19124
   30.10    1.18895
   30.20    1.18465
   30.30    1.16758
   30.40    1.15280
   30.50    1.14252
   30.60    1.12483
   30.70    1.14091
   30.80    1.15543
   30.90    1.16293
   31.00    1.15580
   31.10    1.14973
   31.20    1.13294
   31.30    1.12803
   31.40    1.12186
   31.50    1.11427
   31.60    1.11159
   31.70    1.12364
   31.80    1.12480
   31.90    1.10997
   32.00    1.10441
   32.10    1.11237
   32.20    1.11715
   32.30    1.12624
   32.40    1.12875
   32.50    1.12311
   32.60    1.12388
   32.70    1.12199
   32.80    1.11724
   32.90    1.12640
   33.00    1.13476
   33.10    1.13777
   33.20    1.15705
   33.30    1.17771
   33.40    1.17874
   33.50    1.16884
   33.60    1.15441
   33.70    1.15039
   33.80    1.14334
   33.90    1.14170
   34.00    1.14387
   34.10    1.15351
   34.20    1.16193
   34.30    1.16888
   34.40    1.16925
   34.50    1.15715
   34.60    1.16701
   34.70    1.17881
   34.80    1.17063
   34.90    1.16467
   35.00    1.16254
   35.10    1.17206
   35.20    1.18635
   35.30    1.17538
   35.40    1.17206
   35.50    1.15818
   35.60    1.15103
   35.70    1.15102
   35.80    1.16097
   35.90    1.15843
   36.00    1.16083
   36.10    1.16513
   36.20    1.16401
   36.30    1.15861
   36.40    1.15922
   36.50    1.16515
   36.60    1.17802
   36.70    1.19008
   36.80    1.18944
   36.90    1.18147
   37.00    1.16727
   37.10    1.17179
   37.20    1.17725
   37.30    1.17303
   37.40    1.17820
   37.50    1.17503
   37.60    1.17165
   37.70    1.17284
   37.80    1.17588
   37.90    1.17922
   38.00    1.19484
   38.10    1.20525
   38.20    1.20200
   38.30    1.20010
   38.40    1.19770
   38.50    1.18922
   38.60    1.19454
   38.70    1.20922
   38.80    1.20755
   38.90    1.21668
   39.00    1.22240
   39.10    1.22938
   39.20    1.24537
   39.30    1.24484
   39.40    1.22884
   39.50    1.23114
   39.60    1.23320
   39.70    1.24486
   39.80    1.25964
   39.90    1.26598
   40.00    1.25840
   40.10    1.25344
   40.20    1.24854
   40.30    1.24373
   40.40    1.23645
   40.50    1.23136
   40.60    1.23809
   40.70    1.25126
   40.80    1.26001
   40.90    1.26688
   41.00    1.28306
   41.10    1.29590
   41.20    1.30111
   41.30    1.30742
   41.40    1.31074
   41.50    1.30140
   41.60    1.29464
   41.70    1.28797
   41.80    1.30163
   41.90    1.30628
   42.00    1.30753
   42.10    1.30952
   42.20    1.31413
   42.30    1.30945
   42.40    1.30317
   42.50    1.28902
   42.60    1.28164
   42.70    1.28928
   42.80    1.28407
   42.90    1.28459
   43.00    1.28261
   43.10    1.26938
   43.20    1.26708
   43.30    1.26735
   43.40    1.26455
   43.50    1.27048
   43.60    1.27796
   43.70    1.28866
   43.80    1.28559
   43.90    1.27240
   44.00    1.26407
   44.10    1.26474
   44.20    1.27301
   44.30    1.28979
   44.40    1.29952
   44.50    1.31772
   44.60    1.32747
   44.70    1.33248
   44.80    1.33906
   44.90    1.33558
   45.00    1.33289
   45.10    1.31443
   45.20    1.29063
   45.30    1.28554
   45.40    1.30091
   45.50    1.31699
   45.60    1.33193
   45.70    1.34542
   45.80    1.33999
   45.90    1.31962
   46.00    1.31480
   46.10    1.32027
   46.20    1.31743
   46.30    1.31089
   46.40    1.31297
   46.50    1.32034
   46.60    1.32765
   46.70    1.34479
   46.80    1.34037
   46.90    1.33913
   47.00    1.32762
   47.10    1.32609
   47.20    1.32670
   47.30    1.32333
   47.40    1.31724
   47.50    1.30356
   47.60    1.28706
   47.70    1.28441
   47.80    1.29624
   47.90    1.30499
   48.00    1.31552
   48.10    1.32710
   48.20    1.34205
   48.30    1.34847
   48.40    1.32976
   48.50    1.31287
   48.60    1.29924
   48.70    1.30908
   48.80    1.31399
   48.90    1.30888
   49.00    1.29333
   49.10    1.28024
   49.20    1.27167
   49.30    1.27187
   49.40    1.26316
   49.50    1.25858
   49.60    1.25309
   49.70    1.25177
   49.80    1.25951
   49.90    1.26942
   50.00    1.28625
   50.10    1.29601
   50.20    1.29262
   50.30    1.28555
   50.40    1.30643
   50.50    1.31847
   50.60    1.32833
   50.70    1.32521
   50.80    1.32085
   50.90    1.32690
   51.00    1.31571
   51.10    1.31043
   51.20    1.31989
   51.30    1.32172
   51.40    1.33611
   51.50    1.35174
   51.60    1.36986
   51.70    1.36156
   51.80    1.33737
   51.90    1.33133
   52.00    1.33295
   52.10    1.34060
   52.20    1.34483
   52.30    1.33968
   52.40    1.32165
   52.50    1.29559
   52.60    1.27989
   52.70    1.27108
   52.80    1.25513
   52.90    1.27017
   53.00    1.28616
   53.10    1.28737
   53.20    1.28749
   53.30    1.28368
   53.40    1.28431
   53.50    1.28138
   53.60    1.28243
   53.70    1.28530
   53.80    1.28818
   53.90    1.29128
   54.00    1.27694
   54.10    1.27026
   54.20    1.27232
   54.30    1.26943
   54.40    1.26227
   54.50    1.25706
   54.60    1.26030
   54.70    1.26698
   54.80    1.28426
   54.90    1.28963
   55.00    1.29113
   55.10    1.28107
   55.20    1.27417
   55.30    1.27428
   55.40    1.27509
   55.50    1.28581
   55.60    1.29559
   55.70    1.29429
   55.80    1.27805
   55.90    1.26736
   56.00    1.27951
   56.10    1.28652
   56.20    1.28487
   56.30    1.27881
   56.40    1.28148
   56.50    1.29738
   56.60    1.28926
   56.70    1.27783
   56.80    1.27646
   56.90    1.27321
   57.00    1.27786
   57.10    1.28540
   57.20    1.28898
   57.30    1.28360
   57.40    1.27603
   57.50    1.27880
   57.60    1.27855
   57.70    1.28510
   57.80    1.29161
   57.90    1.28994
   58.00    1.29246
   58.10    1.30286
   58.20    1.31352
   58.30    1.31644
   58.40    1.32481
   58.50    1.32874
   58.60    1.33651
   58.70    1.35847
   58.80    1.38023
   58.90    1.39797
   59.00    1.41028
   59.10    1.40914
   59.20    1.40777
   59.30    1.40343
   59.40    1.40446
   59.50    1.41535
   59.60    1.41911
   59.70    1.42560
   59.80    1.42338
   59.90    1.40214
   60.00    1.39014
   60.10    1.37146
   60.20    1.36197
   60.30    1.34153
   60.40    1.33227
   60.50    1.33384
   60.60    1.33641
   60.70    1.32936
   60.80    1.31385
   60.90    1.29838
   61.00    1.28773
   61.10    1.28581
   61.20    1.28351
   61.30    1.28756
   61.40    1.28125
   61.50    1.27975
   61.60    1.30492
   61.70    1.32875
   61.80    1.33594
   61.90    1.33855
   62.00    1.34883
   62.10    1.35321
   62.20    1.34707
   62.30    1.33933
   62.40    1.33550
   62.50    1.32589
   62.60    1.33289
   62.70    1.33211
   62.80    1.32505
   62.90    1.31904
   63.00    1.32443
   63.10    1.32845
   63.20    1.34121
   63.30    1.34323
   63.40    1.33912
   63.50    1.33506
   63.60    1.32518
   63.70    1.31554
   63.80    1.32598
   63.90    1.32057
   64.00    1.31165
   64.10    1.30351
   64.20    1.30099
   64.30    1.28836
   64.40    1.28141
   64.50    1.27457
   64.60    1.27170
   64.70    1.26118
   64.80    1.25396
   64.90    1.25751
   65.00    1.26707
   65.10    1.27415
   65.20    1.26593
   65.30    1.27067
   65.40    1.28027
   65.50    1.27894
   65.60    1.28444
   65.70    1.28384
   65.80    1.28397
   65.90    1.27158
   66.00    1.26789
   66.10    1.27744
   66.20    1.29147
   66.30    1.29313
   66.40    1.29704
   66.50    1.29366
   66.60    1.29431
   66.70    1.29711
   66.80    1.30201
   66.90    1.31010
   67.00    1.29076
   67.10    1.27833
   67.20    1.27096
   67.30    1.26880
   67.40    1.26763
   67.50    1.28106
   67.60    1.28546
   67.70    1.29403
   67.80    1.30078
   67.90    1.31054
   68.00    1.31854
   68.10    1.33080
   68.20    1.33091
   68.30    1.33010
   68.40    1.33829
   68.50    1.33586
   68.60    1.33875
   68.70    1.33842
   68.80    1.32425
   68.90    1.29698
   69.00    1.29016
   69.10    1.28398
   69.20    1.27856
   69.30    1.28129
   69.40    1.30140
   69.50    1.31781
   69.60    1.32285
   69.70    1.31528
   69.80    1.29954
   69.90    1.29387
   70.00    1.27556
   70.10    1.26684
   70.20    1.25725
   70.30    1.24739
   70.40    1.24069
   70.50    1.25146
   70.60    1.26164
   70.70    1.27202
   70.80    1.27506
   70.90    1.26080
   71.00    1.27025
   71.10    1.28339
   71.20    1.29163
   71.30    1.29154
   71.40    1.29350
   71.50    1.28933
   71.60    1.28474
   71.70    1.28391
   71.80    1.28577
   71.90    1.28721
   72.00    1.29577
   72.10    1.29435
   72.20    1.28690
   72.30    1.27073
   72.40    1.27197
   72.50    1.27028
   72.60    1.28450
   72.70    1.29260
   72.80    1.29360
   72.90    1.28322
   73.00    1.27636
   73.10    1.27600
   73.20    1.28663
   73.30    1.29069
   73.40    1.29348
   73.50    1.29202
   73.60    1.28479
   73.70    1.27354
   73.80    1.27958
   73.90    1.27233
   74.00    1.27586
   74.10    1.28293
   74.20    1.28241
   74.30    1.28381
   74.40    1.27677
   74.50    1.27471
   74.60    1.27956
   74.70    1.28260
   74.80    1.28740
   74.90    1.28051
   75.00    1.28705
   75.10    1.30202
   75.20    1.31147
   75.30    1.31811
   75.40    1.30130
   75.50    1.29045
   75.60    1.29303
   75.70    1.29788
   75.80    1.28481
   75.90    1.27151
   76.00    1.26660
   76.10    1.26567
   76.20    1.27888
   76.30    1.29671
   76.40    1.29683
   76.50    1.29939
   76.60    1.29803
   76.70    1.29908
   76.80    1.29873
   76.90    1.30336
   77.00    1.30771
   77.10    1.30635
   77.20    1.30959
   77.30    1.30784
   77.40    1.30491
   77.50    1.29962
   77.60    1.30331
   77.70    1.31052
   77.80    1.30897
   77.90    1.30573
   78.00    1.29313
   78.10    1.26372
   78.20    1.24712
   78.30    1.25011
   78.40    1.24815
   78.50    1.24755
   78.60    1.24590
   78.70    1.24369
   78.80    1.23826
   78.90    1.22646
   79.00    1.23145
   79.10    1.23327
   79.20    1.23374
   79.30    1.24019
   79.40    1.23246
   79.50    1.23773
   79.60    1.26079
   79.70    1.27236
   79.80    1.28142
   79.90    1.28714
   80.00    1.29120
   80.10    1.29821
   80.20    1.30317
   80.30    1.29669
   80.40    1.29025
   80.50    1.27669
   80.60    1.27038
   80.70    1.27360
   80.80    1.25306
   80.90    1.24688
   81.00    1.26361
   81.10    1.27099
   81.20    1.28120
   81.30    1.29394
   81.40    1.31000
   81.50    1.32832
   81.60    1.34503
   81.70    1.36436
   81.80    1.36751
   81.90    1.36868
   82.00    1.36394
   82.10    1.35314
   82.20    1.34375
   82.30    1.34083
   82.40    1.32397
   82.50    1.33173
   82.60    1.33910
   82.70    1.33908
   82.80    1.33968
   82.90    1.34450
   83.00    1.34537
   83.10    1.33769
   83.20    1.33928
   83.30    1.34402
   83.40    1.34979
   83.50    1.32882
   83.60    1.32574
   83.70    1.31915
   83.80    1.30946
   83.90    1.30631
   84.00    1.31714
   84.10    1.31840
   84.20    1.31726
   84.30    1.31642
   84.40    1.31658
   84.50    1.31487
   84.60    1.31608
   84.70    1.32261
   84.80    1.32442
   84.90    1.31278
   85.00    1.29941
   85.10    1.30429
   85.20    1.30257
   85.30    1.30675
   85.40    1.31030
   85.50    1.30825
   85.60    1.30721
   85.70    1.30612
   85.80    1.30765
   85.90    1.29889
   86.00    1.28555
   86.10    1.27414
   86.20    1.25961
   86.30    1.25172
   86.40    1.26390
   86.50    1.27461
   86.60    1.29687
   86.70    1.30902
   86.80    1.30706
   86.90    1.31344
   87.00    1.30475
   87.10    1.31085
   87.20    1.32603
   87.30    1.32885
   87.40    1.31625
   87.50    1.30603
   87.60    1.29861
   87.70    1.30395
   87.80    1.29266
   87.90    1.29855
   88.00    1.30812
   88.10    1.31712
   88.20    1.31943
   88.30    1.31222
   88.40    1.30168
   88.50    1.30702
   88.60    1.32283
   88.70    1.34181
   88.80    1.34047
   88.90    1.33857
   89.00    1.33960
   89.10    1.33968
   89.20    1.34063
   89.30    1.32984
   89.40    1.33280
   89.50    1.33034
   89.60    1.33020
   89.70    1.33369
   89.80    1.33114
   89.90    1.31716
   90.00    1.31909
   90.10    1.31034
   90.20    1.31916
   90.30    1.31931
   90.40    1.31978
   90.50    1.32593
   90.60    1.32754
   90.70    1.31370
   90.80    1.30748
   90.90    1.30665
   91.00    1.31244
   91.10    1.32458
   91.20    1.32775
   91.30    1.32668
   91.40    1.33201
   91.50    1.33543
   91.60    1.34189
   91.70    1.35349
   91.80    1.36489
   91.90    1.34049
   92.00    1.32368
   92.10    1.30620
   92.20    1.29735
   92.30    1.28977
   92.40    1.30168
   92.50    1.32031
   92.60    1.33805
   92.70    1.34608
   92.80    1.33953
   92.90    1.32810
   93.00    1.32153
   93.10    1.31353
   93.20    1.30188
   93.30    1.29648
   93.40    1.28589
   93.50    1.28370
   93.60    1.28408
   93.70    1.29629
   93.80    1.30960
   93.90    1.31637
   94.00    1.32272
   94.10    1.32494
   94.20    1.32988
   94.30    1.34889
   94.40    1.35784
   94.50    1.36256
   94.60    1.35497
   94.70    1.34776
   94.80    1.34631
   94.90    1.35774
   95.00    1.37626
   95.10    1.38971
   95.20    1.39317
   95.30    1.39746
   95.40    1.40852
   95.50    1.41456
   95.60    1.42668
   95.70    1.43208
   95.80    1.43509
   95.90    1.42485
   96.00    1.41357
   96.10    1.40693
   96.20    1.39941
   96.30    1.39976
   96.40    1.38386
   96.50    1.37884
   96.60    1.38266
   96.70    1.38196
   96.80    1.38286
   96.90    1.37713
   97.00    1.36897
   97.10    1.36491
   97.20    1.35754
   97.30    1.35059
   97.40    1.34012
   97.50    1.34108
   97.60    1.34008
   97.70    1.34317
   97.80    1.33057
   97.90    1.33174
   98.00    1.33076
   98.10    1.32146
   98.20    1.31590
   98.30    1.31242
   98.40    1.30736
   98.50    1.30225
   98.60    1.30451
   98.70    1.31461
   98.80    1.31239
   98.90    1.30703
   99.00    1.31078
   99.10    1.31005
   99.20    1.31465
   99.30    1.30815
   99.40    1.30348
   99.50    1.30088
   99.60    1.30392
   99.70    1.30555
   99.80    1.30713
   99.90    1.30699
  100.00    1.29795
