    0.10    0.00000
    0.20    0.81108
    0.30    1.03891
    0.40    1.01196
    0.50    1.04049
    0.60    1.14284
    0.70    1.04596
    0.80    1.18923
    0.90    1.15638
    1.00    1.14249
    1.10    1.11134
    1.20    1.18863
    1.30    1.23671
    1.40    1.22986
    1.50    1.20333
    1.60    1.20109
    1.70    1.19116
    1.80    1.25954
    1.90    1.27285
    2.00    1.26348
    2.10    1.31459
    2.20    1.32498
    2.30    1.27686
    2.40    1.34660
    2.50    1.35388
    2.60    1.31138
    2.70    1.31124
    2.80    1.31100
    2.90    1.25997
    3.00    1.25536
    3.10    1.32719
    3.20    1.24057
    3.30    1.34548
    3.40    1.24662
    3.50    1.29910
    3.60    1.34546
    3.70    1.31621
    3.80    1.49399
    3.90    1.40625
    4.00    1.42471
    4.10    1.40157
    4.20    1.34094
    4.30    1.44598
    4.40    1.46100
    4.50    1.47581
    4.60    1.48859
    4.70    1.36246
    4.80    1.37459
    4.90    1.36986
    5.00    1.46692
    5.10    1.36992
    5.20    1.43128
    5.30    1.51383
    5.40    1.45268
    5.50    1.45814
    5.60    1.44956
    5.70    1.47306
    5.80    1.43784
    5.90    1.38429
    6.00    1.27198
    6.10    1.40765
    6.20    1.43342
    6.30    1.34171
    6.40    1.30567
    6.50    1.47119
    6.60    1.39575
    6.70    1.44671
    6.80    1.35877
    6.90    1.38395
    7.00    1.38995
    7.10    1.31371
    7.20    1.34434
    7.30    1.37220
    7.40    1.41108
    7.50    1.47963
    7.60    1.42175
    7.70    1.41966
    7.80    1.40886
    7.90    1.40110
    8.00    1.52042
    8.10    1.54183
    8.20    1.40637
    8.30    1.40047
    8.40    1.36026
    8.50    1.35074
    8.60    1.42686
    8.70    1.42064
    8.80    1.42072
    8.90    1.49377
    9.00    1.49071
    9.10    1.56908
    9.20    1.46383
    9.30    1.40711
    9.40    1.46292
    9.50    1.44701
    9.60    1.56564
    9.70    1.46645
    9.80    1.60280
    9.90    1.51141
   10.00    1.48436
   10.10    1.46301
   10.20    1.48675
   10.30    1.51442
   10.40    1.54595
   10.50    1.55965
   10.60    1.58372
   10.70    1.71915
   10.80    1.67255
   10.90    1.58237
   11.00    1.60755
   11.10    1.58884
   11.20    1.55204
   11.30    1.47960
   11.40    1.44709
   11.50    1.43861
   11.60    1.50021
   11.70    1.46558
   11.80    1.51702
   11.90    1.47628
   12.00    1.45876
   12.10    1.51125
   12.20    1.61031
   12.30    1.59230
   12.40    1.51969
   12.50    1.55567
   12.60    1.51382
   12.70    1.51487
   12.80    1.52488
   12.90    1.50222
   13.00    1.48555
   13.10    1.52100
   13.20    1.53573
   13.30    1.50218
   13.40    1.55880
   13.50    1.59137
   13.60    1.52131
   13.70    1.61029
   13.80    1.53928
   13.90    1.53810
   14.00    1.56901
   14.10    1.69249
   14.20    1.63792
   14.30    1.58712
   14.40    1.57672
   14.50    1.66497
   14.60    1.65122
   14.70    1.68151
   14.80    1.68065
   14.90    1.69841
   15.00    1.75897
   15.10    1.83093
   15.20    1.82001
   15.30    1.86792
   15.40    1.76751
   15.50    1.68850
   15.60    1.76916
   15.70    1.78784
   15.80    1.81706
   15.90    1.82759
   16.00    1.86591
   16.10    1.78488
   16.20    1.80106
   16.30    1.74832
   16.40    1.79234
   16.50    1.75970
   16.60    1.77394
   16.70    1.65953
   16.80    1.60680
   16.90    1.64885
   17.00    1.72011
   17.10    1.66701
   17.20    1.65487
   17.30    1.67653
   17.40    1.69703
   17.50    1.70268
   17.60    1.74812
   17.70    1.75590
   17.80    1.67092
   17.90    1.69430
   18.00    1.64971
   18.10    1.66795
   18.20    1.62078
   18.30    1.62788
   18.40    1.60198
   18.50    1.52410
   18.60    1.52003
   18.70    1.54220
   18.80    1.58566
   18.90    1.59901
   19.00    1.63696
   19.10    1.69629
   19.20    1.64337
   19.30    1.71599
   19.40    1.68075
   19.50    1.71972
   19.60    1.70006
   19.70    1.68796
   19.80    1.74008
   19.90    1.66790
   20.00    1.69856
   20.10    1.62546
   20.20    1.64702
   20.30    1.78006
   20.40    1.82134
   20.50    1.80538
   20.60    1.77189
   20.70    1.79614
   20.80    1.71805
   20.90    1.69482
   21.00    1.76022
   21.10    1.74614
   21.20    1.77412
   21.30    1.75836
   21.40    1.76120
   21.50    1.68713
   21.60    1.64321
   21.70    1.66351
   21.80    1.65450
   21.90    1.61840
   22.00    1.67041
   22.10    1.74271
   22.20    1.78142
   22.30    1.71478
   22.40    1.70264
   22.50    1.65240
   22.60    1.75311
   22.70    1.76994
   22.80    1.78711
   22.90    1.66522
   23.00    1.66998
   23.10    1.69676
   23.20    1.74723
   23.30    1.69029
   23.40    1.74096
   23.50    1.79064
   23.60    1.80530
   23.70    1.68681
   23.80    1.74797
   23.90    1.72118
   24.00    1.79475
   24.10    1.77580
   24.20    1.67240
   24.30    1.72654
   24.40    1.72954
   24.50    1.73715
   24.60    1.64131
   24.70    1.70549
   24.80    1.72471
   24.90    1.71269
   25.00    1.71973
   25.10    1.69066
   25.20    1.80380
   25.30    1.69428
   25.40    1.66606
   25.50    1.77394
   25.60    1.77918
   25.70    1.75624
   25.80    1.68811
   25.90    1.68827
   26.00    1.63952
   26.10    1.71643
   26.20    1.61491
   26.30    1.65245
   26.40    1.58290
   26.50    1.66975
   26.60    1.64369
   26.70    1.72687
   26.80    1.72880
   26.90    1.69783
   27.00    1.67343
   27.10    1.70230
   27.20    1.63501
   27.30    1.60102
   27.40    1.63903
   27.50    1.59893
   27.60    1.67616
   27.70    1.77039
   27.80    1.66441
   27.90    1.60269
   28.00    1.64067
   28.10    1.66589
   28.20    1.71040
   28.30    1.66403
   28.40    1.68333
   28.50    1.63949
   28.60    1.56569
   28.70    1.62792
   28.80    1.66743
   28.90    1.67439
   29.00    1.67493
   29.10    1.63027
   29.20    1.71859
   29.30    1.87536
   29.40    1.76429
   29.50    1.78895
   29.60    1.64654
   29.70    1.73958
   29.80    1.65756
   29.90    1.64194
   30.00    1.74315
   30.10    1.78693
   30.20    1.73857
   30.30    1.70598
   30.40    1.74090
   30.50    1.77357
   30.60    1.81711
   30.70    1.76078
   30.80    1.69940
   30.90    1.79469
   31.00    1.65094
   31.10    1.62479
   31.20    1.79697
   31.30    1.84353
   31.40    1.85949
   31.50    1.79338
   31.60    1.93217
   31.70    1.82701
   31.80    1.84345
   31.90    1.78679
   32.00    1.78703
   32.10    1.81854
   32.20    1.83828
   32.30    1.77450
   32.40    1.79877
   32.50    1.73401
   32.60    1.77350
   32.70    1.79988
   32.80    1.84768
   32.90    1.85257
   33.00    1.77938
   33.10    1.69605
   33.20    1.74334
   33.30    1.71182
   33.40    1.77348
   33.50    1.77201
   33.60    1.76292
   33.70    1.84276
   33.80    1.77038
   33.90    1.76429
   34.00    1.70330
   34.10    1.71670
   34.20    1.72075
   34.30    1.71167
   34.40    1.62610
   34.50    1.76508
   34.60    1.77764
   34.70    1.66693
   34.80    1.63208
   34.90    1.80734
   35.00    1.91071
   35.10    1.82463
   35.20    1.60783
   35.30    1.72415
   35.40    1.73840
   35.50    1.72948
   35.60    1.70249
   35.70    1.71788
   35.80    1.62294
   35.90    1.68041
   36.00    1.70310
   36.10    1.83900
   36.20    1.83002
   36.30    1.79373
   36.40    1.81483
   36.50    1.80365
   36.60    1.73846
   36.70    1.72535
   36.80    1.68785
   36.90    1.63801
   37.00    1.64935
   37.10    1.65946
   37.20    1.58485
   37.30    1.53741
   37.40    1.64231
   37.50    1.67468
   37.60    1.72366
   37.70    1.69451
   37.80    1.61848
   37.90    1.60193
   38.00    1.53411
   38.10    1.59266
   38.20    1.61387
   38.30    1.65766
   38.40    1.75332
   38.50    1.72362
   38.60    1.68871
   38.70    1.71686
   38.80    1.70564
   38.90    1.65409
   39.00    1.70858
   39.10    1.62341
   39.20    1.58459
   39.30    1.61914
   39.40    1.70612
   39.50    1.66054
   39.60    1.69175
   39.70    1.59377
   39.80    1.57134
   39.90    1.57836
   40.00    1.56096
   40.10    1.60040
   40.20    1.56707
   40.30    1.60100
   40.40    1.61875
   40.50    1.53604
   40.60    1.58870
   40.70    1.59718
   40.80    1.61560
   40.90    1.62903
   41.00    1.67778
   41.10    1.67852
   41.20    1.63175
   41.30    1.58970
   41.40    1.58588
   41.50    1.64829
   41.60    1.61510
   41.70    1.57105
   41.80    1.57014
   41.90    1.60755
   42.00    1.64086
   42.10    1.63448
   42.20    1.68515
   42.30    1.57945
   42.40    1.63596
   42.50    1.57396
   42.60    1.57704
   42.70    1.55184
   42.80    1.52047
   42.90    1.53017
   43.00    1.54139
   43.10    1.62210
   43.20    1.62825
   43.30    1.70050
   43.40    1.66674
   43.50    1.63235
   43.60    1.70199
   43.70    1.66226
   43.80    1.78917
   43.90    1.81177
   44.00    1.73235
   44.10    1.60437
   44.20    1.69814
   44.30    1.73157
   44.40    1.65983
   44.50    1.62398
   44.60    1.72574
   44.70    1.72951
   44.80    1.73880
   44.90    1.64478
   45.00    1.54652
   45.10    1.65803
   45.20    1.71708
   45.30    1.67273
   45.40    1.74353
   45.50    1.69720
   45.60    1.78751
   45.70    1.80299
   45.80    1.76012
   45.90    1.74964
   46.00    1.70636
   46.10    1.69207
   46.20    1.60591
   46.30    1.69522
   46.40    1.76312
   46.50    1.71020
   46.60    1.66717
   46.70    1.74170
   46.80    1.73408
   46.90    1.73322
   47.00    1.69014
   47.10    1.58222
   47.20    1.64806
   47.30    1.61496
   47.40    1.67870
   47.50    1.67852
   47.60    1.69069
   47.70    1.65368
   47.80    1.81313
   47.90    1.77414
   48.00    1.75536
   48.10    1.71473
   48.20    1.60724
   48.30    1.65151
   48.40    1.66179
   48.50    1.62962
   48.60    1.74183
   48.70    1.60332
   48.80    1.66451
   48.90    1.75272
   49.00    1.64427
   49.10    1.66672
   49.20    1.73237
   49.30    1.70354
   49.40    1.68309
   49.50    1.61261
   49.60    1.62989
   49.70    1.63639
   49.80    1.60728
   49.90    1.66060
   50.00    1.56204
   50.10    1.51914
   50.20    1.62356
   50.30    1.69252
   50.40    1.66144
   50.50    1.74071
   50.60    1.75284
   50.70    1.76816
   50.80    1.69415
   50.90    1.66066
   51.00    1.60444
   51.10    1.74617
   51.20    1.67814
   51.30    1.66691
   51.40    1.67210
   51.50    1.73268
   51.60    1.76565
   51.70    1.84855
   51.80    1.74442
   51.90    1.75927
   52.00    1.77803
   52.10    1.89670
   52.20    1.80576
   52.30    1.84029
   52.40    1.78341
   52.50    1.74991
   52.60    1.76132
   52.70    1.72071
   52.80    1.69005
   52.90    1.78549
   53.00    1.79151
   53.10    1.76949
   53.20    1.71597
   53.30    1.72483
   53.40    1.70683
   53.50    1.78690
   53.60    1.79523
   53.70    1.74796
   53.80    1.70392
   53.90    1.69501
   54.00    1.77915
   54.10    1.73562
   54.20    1.69483
   54.30    1.59647
   54.40    1.59338
   54.50    1.69255
   54.60    1.72800
   54.70    1.64470
   54.80    1.65660
   54.90    1.61790
   55.00    1.62222
   55.10    1.57944
   55.20    1.58512
   55.30    1.63170
   55.40    1.64141
   55.50    1.56789
   55.60    1.59426
   55.70    1.64403
   55.80    1.65023
   55.90    1.66341
   56.00    1.58593
   56.10    1.60621
   56.20    1.55908
   56.30    1.52962
   56.40    1.59845
   56.50    1.55107
   56.60    1.59102
   56.70    1.60036
   56.80    1.56637
   56.90    1.58024
   57.00    1.57186
   57.10    1.58945
   57.20    1.56155
   57.30    1.63352
   57.40    1.62368
   57.50    1.59915
   57.60    1.58979
   57.70    1.68780
   57.80    1.62711
   57.90    1.58079
   58.00    1.59956
   58.10    1.59819
   58.20    1.62050
   58.30    1.69472
   58.40    1.68959
   58.50    1.59665
   58.60    1.67978
   58.70    1.66971
   58.80    1.65903
   58.90    1.62735
   59.00    1.72127
   59.10    1.69911
   59.20    1.68135
   59.30    1.75338
   59.40    1.75467
   59.50    1.78344
   59.60    1.69556
   59.70    1.67490
   59.80    1.59897
   59.90    1.69528
   60.00    1.60151
   60.10    1.59660
   60.20    1.69626
   60.30    1.62298
   60.40    1.54602
   60.50    1.60998
   60.60    1.62153
   60.70    1.57493
   60.80    1.58270
   60.90    1.61603
   61.00    1.73892
   61.10    1.67930
   61.20    1.75385
   61.30    1.69807
   61.40    1.79729
   61.50    1.74141
   61.60    1.74260
   61.70    1.69676
   61.80    1.65256
   61.90    1.67379
   62.00    1.77328
   62.10    1.65811
   62.20    1.69357
   62.30    1.66109
   62.40    1.64915
   62.50    1.66931
   62.60    1.67366
   62.70    1.67001
   62.80    1.64647
   62.90    1.69983
   63.00    1.76161
   63.10    1.76906
   63.20    1.78988
   63.30    1.76318
   63.40    1.76386
   63.50    1.67939
   63.60    1.67408
   63.70    1.57536
   63.80    1.57569
   63.90    1.69490
   64.00    1.63779
   64.10    1.76390
   64.20    1.70971
   64.30    1.71367
   64.40    1.69584
   64.50    1.77954
   64.60    1.76134
   64.70    1.75743
   64.80    1.86270
   64.90    1.76773
   65.00    1.81210
   65.10    1.69083
   65.20    1.78889
   65.30    1.75017
   65.40    1.71915
   65.50    1.60038
   65.60    1.68593
   65.70    1.72607
   65.80    1.69578
   65.90    1.65293
   66.00    1.63320
   66.10    1.59796
   66.20    1.64528
   66.30    1.58871
   66.40    1.62017
   66.50    1.65137
   66.60    1.73443
   66.70    1.69399
   66.80    1.62521
   66.90    1.73305
   67.00    1.72741
   67.10    1.77434
   67.20    1.83549
   67.30    1.71474
   67.40    1.78453
   67.50    1.68664
   67.60    1.70895
   67.70    1.70830
   67.80    1.68876
   67.90    1.65501
   68.00    1.70340
   68.10    1.61529
   68.20    1.67342
   68.30    1.64698
   68.40    1.62853
   68.50    1.65305
   68.60    1.68000
   68.70    1.64804
   68.80    1.60196
   68.90    1.59013
   69.00    1.61272
   69.10    1.57688
   69.20    1.64022
   69.30    1.63958
   69.40    1.58835
   69.50    1.67116
   69.60    1.73156
   69.70    1.78510
   69.80    1.79778
   69.90    1.67507
   70.00    1.72873
   70.10    1.70651
   70.20    1.73836
   70.30    1.73866
   70.40    1.66585
   70.50    1.68398
   70.60    1.63935
   70.70    1.69953
   70.80    1.60697
   70.90    1.63591
   71.00    1.65370
   71.10    1.68100
   71.20    1.70439
   71.30    1.75381
   71.40    1.66506
   71.50    1.66760
   71.60    1.66420
   71.70    1.70224
   71.80    1.66115
   71.90    1.64435
   72.00    1.62168
   72.10    1.67768
   72.20    1.74490
   72.30    1.69528
   72.40    1.85581
   72.50    1.81151
   72.60    1.72007
   72.70    1.66343
   72.80    1.75342
   72.90    1.75858
   73.00    1.78384
   73.10    1.76164
   73.20    1.64828
   73.30    1.70327
   73.40    1.74281
   73.50    1.75428
   73.60    1.82438
   73.70    1.76299
   73.80    1.66157
   73.90    1.70989
   74.00    1.69188
   74.10    1.64591
   74.20    1.60028
   74.30    1.77018
   74.40    1.79356
   74.50    1.78662
   74.60    1.79039
   74.70    1.72974
   74.80    1.69063
   74.90    1.74641
   75.00    1.71586
   75.10    1.74092
   75.20    1.73764
   75.30    1.71793
   75.40    1.74949
   75.50    1.77982
   75.60    1.78386
   75.70    1.78891
   75.80    1.83960
   75.90    1.83893
   76.00    1.74083
   76.10    1.79932
   76.20    1.83467
   76.30    1.83766
   76.40    1.81174
   76.50    1.77542
   76.60    1.73531
   76.70    1.77741
   76.80    1.77628
   76.90    1.77732
   77.00    1.76715
   77.10    1.82137
   77.20    1.74842
   77.30    1.64951
   77.40    1.70711
   77.50    1.69447
   77.60    1.73543
   77.70    1.73371
   77.80    1.68148
   77.90    1.63756
   78.00    1.60009
   78.10    1.73938
   78.20    1.75290
   78.30    1.69571
   78.40    1.76429
   78.50    1.75055
   78.60    1.77267
   78.70    1.79193
   78.80    1.68491
   78.90    1.69259
   79.00    1.74122
   79.10    1.71955
   79.20    1.66574
   79.30    1.75255
   79.40    1.68749
   79.50    1.67970
   79.60    1.79473
   79.70    1.80665
   79.80    1.83067
   79.90    1.80064
   80.00    1.82194
   80.10    1.83094
   80.20    1.88499
   80.30    1.79948
   80.40    1.77359
   80.50    1.76342
   80.60    1.81136
   80.70    1.80482
   80.80    1.72454
   80.90    1.68045
   81.00    1.73462
   81.10    1.68650
   81.20    1.83022
   81.30    1.79136
   81.40    1.69938
   81.50    1.78558
   81.60    1.85295
   81.70    1.88071
   81.80    1.83173
   81.90    1.78451
   82.00    1.78277
   82.10    1.89836
   82.20    1.96921
   82.30    1.88030
   82.40    1.91356
   82.50    1.76595
   82.60    1.76181
   82.70    1.91653
   82.80    1.88441
   82.90    1.86000
   83.00    1.87557
   83.10    1.93335
   83.20    1.98723
   83.30    1.88381
   83.40    1.88704
   83.50    1.78642
   83.60    1.74156
   83.70    1.78993
   83.80    1.82188
   83.90    1.80748
   84.00    1.73950
   84.10    1.76453
   84.20    1.82635
   84.30    1.89491
   84.40    1.81789
   84.50    1.77027
   84.60    1.79604
   84.70    1.72581
   84.80    1.69661
   84.90    1.75876
   85.00    1.82602
   85.10    1.82873
   85.20    1.76134
   85.30    1.73529
   85.40    1.74243
   85.50    1.76094
   85.60    1.68255
   85.70    1.71773
   85.80    1.76504
   85.90    1.72324
   86.00    1.67279
   86.10    1.69996
   86.20    1.76845
   86.30    1.76996
   86.40    1.73754
   86.50    1.71010
   86.60    1.76399
   86.70    1.72267
   86.80    1.71804
   86.90    1.69944
   87.00    1.80492
   87.10    1.72091
   87.20    1.84184
   87.30    1.76766
   87.40    1.83761
   87.50    1.86107
   87.60    1.82530
   87.70    1.68555
   87.80    1.70962
   87.90    1.73518
   88.00    1.68419
   88.10    1.73457
   88.20    1.75826
   88.30    1.79940
   88.40    1.67464
   88.50    1.73375
   88.60    1.78391
   88.70    1.79934
   88.80    1.85308
   88.90    1.81863
   89.00    1.83058
   89.10    1.86389
   89.20    1.86474
   89.30    1.90213
   89.40    1.82501
   89.50    1.77419
   89.60    1.76554
   89.70    1.76558
   89.80    1.74961
   89.90    1.79898
   90.00    1.76535
   90.10    1.81330
   90.20    1.84385
   90.30    1.75021
   90.40    1.75472
   90.50    1.88122
   90.60    1.82104
   90.70    1.75159
   90.80    1.82002
   90.90    1.72915
   91.00    1.75807
   91.10    1.75224
   91.20    1.80330
   91.30    1.77945
   91.40    1.87623
   91.50    1.87771
   91.60    1.79333
   91.70    1.86415
   91.80    1.84666
   91.90    1.80217
   92.00    1.83435
   92.10    1.92138
   92.20    1.91456
   92.30    1.79167
   92.40    1.77659
   92.50    1.86542
   92.60    1.87096
   92.70    2.00590
   92.80    1.84178
   92.90    1.90782
   93.00    1.82705
   93.10    1.83934
   93.20    1.83370
   93.30    1.75706
   93.40    1.82697
   93.50    1.76965
   93.60    1.75730
   93.70    1.82931
   93.80    1.76014
   93.90    1.79940
   94.00    1.84994
   94.10    1.86601
   94.20    1.82305
   94.30    1.80208
   94.40    1.85720
   94.50    1.84531
   94.60    1.69429
   94.70    1.70619
   94.80    1.66213
   94.90    1.70351
   95.00    1.70729
   95.10    1.74631
   95.20    1.74251
   95.30    1.78298
   95.40    1.75594
   95.50    1.74505
   95.60    1.78161
   95.70    1.79930
   95.80    1.88101
   95.90    1.87444
   96.00    1.81722
   96.10    1.82201
   96.20    1.81892
   96.30    1.88170
   96.40    1.81595
   96.50    1.82756
   96.60    1.81339
   96.70    1.78666
   96.80    1.77244
   96.90    1.79013
   97.00    1.69270
   97.10    1.85926
   97.20    1.81943
   97.30    1.84437
   97.40    1.84060
   97.50    1.81477
   97.60    1.79016
   97.70    1.85200
   97.80    1.80303
   97.90    1.76003
   98.00    1.71304
   98.10    1.73977
   98.20    1.82129
   98.30    1.86634
   98.40    1.81133
   98.50    1.76827
   98.60    1.76711
   98.70    1.86768
   98.80    1.88574
   98.90    1.87570
   99.00    2.00152
   99.10    1.92539
   99.20    1.93795
   99.30    1.85982
   99.40    1.89496
   99.50    1.85611
   99.60    1.93765
   99.70    1.93552
   99.80    1.83022
   99.90    1.85348
  100.00    1.84013
  100.10    1.98270
  100.20    2.05687
  100.30    2.03223
  100.40    1.98008
  100.50    1.95141
  100.60    1.86024
  100.70    1.85005
  100.80    1.82334
  100.90    1.78268
  101.00    1.79191
  101.10    1.89065
  101.20    1.79708
  101.30    1.72323
  101.40    1.76268
  101.50    1.78455
  101.60    1.71611
  101.70    1.82676
  101.80    1.75356
  101.90    1.79422
  102.00    1.80376
  102.10    1.90874
  102.20    1.79395
  102.30    1.84646
  102.40    1.80551
  102.50    1.86685
  102.60    1.77244
  102.70    1.81083
  102.80    1.78368
  102.90    1.81211
  103.00    1.79735
  103.10    1.79079
  103.20    1.80652
  103.30    1.78797
  103.40    1.83012
  103.50    1.78884
  103.60    1.80355
  103.70    1.68856
  103.80    1.72515
  103.90    1.67652
  104.00    1.77975
  104.10    1.72145
  104.20    1.65362
  104.30    1.70750
  104.40    1.73364
  104.50    1.79423
  104.60    1.75162
  104.70    1.75041
  104.80    1.75367
  104.90    1.76833
  105.00    1.72372
  105.10    1.75466
  105.20    1.76373
  105.30    1.77870
  105.40    1.77952
  105.50    1.80859
  105.60    1.77979
  105.70    1.79005
  105.80    1.73321
  105.90    1.78771
  106.00    1.83253
  106.10    1.83227
  106.20    1.72304
  106.30    1.68647
  106.40    1.66833
  106.50    1.79835
  106.60    1.77924
  106.70    1.80468
  106.80    1.82778
  106.90    1.80692
  107.00    1.88458
  107.10    1.78985
  107.20    1.78853
  107.30    1.86744
  107.40    1.79015
  107.50    1.79069
  107.60    1.80839
  107.70    1.81197
  107.80    1.83259
  107.90    1.89101
  108.00    1.85063
  108.10    1.96246
  108.20    1.83999
  108.30    1.89691
  108.40    1.86948
  108.50    1.84073
  108.60    1.85495
  108.70    1.90252
  108.80    1.92747
  108.90    1.88292
  109.00    1.87168
  109.10    1.79074
  109.20    1.90724
  109.30    1.94433
  109.40    1.81451
  109.50    1.80848
  109.60    1.73426
  109.70    1.82776
  109.80    1.73977
  109.90    1.70656
  110.00    1.71989
  110.10    1.77644
  110.20    1.74402
  110.30    1.81837
  110.40    1.71380
  110.50    1.77903
  110.60    1.67738
  110.70    1.73386
  110.80    1.72880
  110.90    1.86551
  111.00    1.77305
  111.10    1.80991
  111.20    1.82421
  111.30    1.83347
  111.40    1.69387
  111.50    1.77679
  111.60    1.83697
  111.70    1.92924
  111.80    1.90562
  111.90    1.83799
  112.00    1.88924
  112.10    1.89818
  112.20    1.88226
  112.30    1.74039
  112.40    1.88717
  112.50    1.76555
  112.60    1.75368
  112.70    1.71920
  112.80    1.75785
  112.90    1.73620
  113.00    1.81537
  113.10    1.73731
  113.20    1.72958
  113.30    1.70971
  113.40    1.72793
  113.50    1.79851
  113.60    1.75664
  113.70    1.68804
  113.80    1.64447
  113.90    1.69495
  114.00    1.81973
  114.10    1.82610
  114.20    1.86479
  114.30    1.85880
  114.40    1.78857
  114.50    1.87093
  114.60    1.76365
  114.70    1.74687
  114.80    1.67021
  114.90    1.62400
  115.00    1.71348
  115.10    1.69735
  115.20    1.72084
  115.30    1.71449
  115.40    1.81174
  115.50    1.92382
  115.60    1.85786
  115.70    1.89375
  115.80    1.81427
  115.90    1.82257
  116.00    1.81672
  116.10    1.78620
  116.20    1.79934
  116.30    1.81770
  116.40    1.71496
  116.50    1.68776
  116.60    1.76201
  116.70    1.81241
  116.80    1.90896
  116.90    1.73632
  117.00    1.84548
  117.10    1.79672
  117.20    1.82717
  117.30    1.80541
  117.40    1.77475
  117.50    1.76606
  117.60    1.77079
  117.70    1.68141
  117.80    1.74534
  117.90    1.70770
  118.00    1.75082
  118.10    1.79108
  118.20    1.85971
  118.30    1.80915
  118.40    1.73249
  118.50    1.77110
  118.60    1.86060
  118.70    1.85090
  118.80    1.89789
  118.90    1.91714
  119.00    1.89338
  119.10    1.76359
  119.20    1.76677
  119.30    1.79332
  119.40    1.78077
  119.50    1.88960
  119.60    1.97963
  119.70    1.84856
  119.80    1.79201
  119.90    1.77028
  120.00    1.77030
  120.10    1.70453
  120.20    1.70389
  120.30    1.65516
  120.40    1.64331
  120.50    1.76199
  120.60    1.77591
  120.70    1.83299
  120.80    1.71101
  120.90    1.75987
  121.00    1.69026
