
  \-/  
  -/-   PTRAJ: a utility for processing trajectory files
  /-\  
  \-/   Version: "AMBER 12.0 integrated" (4/2012)
  -/-   Executable is: "ptraj"
  /-\   Running on 1 processor(s)
  \-/   Residue labels:

 PRO  GLN  ILE  THR  LEU  TRP  GLN  ARG  PRO  LEU 
 VAL  THR  ILE  LYS  ILE  GLY  GLY  GLN  LEU  LYS 
 GLU  ALA  LEU  LEU  ASP  THR  GLY  ALA  ASP  ASP 
 THR  VAL  LEU  GLU  GLU  MET  SER  LEU  PRO  GLY 
 ARG  TRP  LYS  PRO  LYS  MET  ILE  GLY  GLY  ILE 
 GLY  GLY  PHE  ILE  LYS  VAL  ARG  GLN  TYR  ASP 
 GLN  ILE  LEU  ILE  GLU  ILE  CYS  GLY  HIE  LYS 
 ALA  ILE  GLY  THR  VAL  LEU  VAL  GLY  PRO  THR 
 PRO  VAL  ASN  ILE  ILE  GLY  ARG  ASN  LEU  LEU 
 THR  GLN  ILE  GLY  CYS  THR  LEU  ASN  PHE  PRO 
 GLN  ILE  THR  LEU  TRP  GLN  ARG  PRO  LEU  VAL 
 THR  ILE  LYS  ILE  GLY  GLY  GLN  LEU  LYS  GLU 
 ALA  LEU  LEU  ASH  THR  GLY  ALA  ASP  ASP  THR 
 VAL  LEU  GLU  GLU  MET  SER  LEU  PRO  GLY  ARG 
 TRP  LYS  PRO  LYS  MET  ILE  GLY  GLY  ILE  GLY 
 GLY  PHE  ILE  LYS  VAL  ARG  GLN  TYR  ASP  GLN 
 ILE  LEU  ILE  GLU  ILE  CYS  GLY  HIE  LYS  ALA 
 ILE  GLY  THR  VAL  LEU  VAL  GLY  PRO  THR  PRO 
 VAL  ASN  ILE  ILE  GLY  ARG  ASN  LEU  LEU  THR 
 GLN  ILE  GLY  CYS  THR  LEU  ASN  PHE  1UN  Cl- 
 Cl-  Cl-  Cl-  Cl-  WAT  WAT  WAT  WAT  WAT  WAT 
 WAT  WAT  WAT  WAT  WAT  WAT  WAT  WAT  WAT  WAT 
 ...
 WAT  WAT  WAT  WAT  WAT  WAT  WAT  WAT 


PTRAJ: Processing input from "STDIN" ...

PTRAJ: trajin MD2.mdcrd
  Checking coordinates: MD2.mdcrd
Rank: 0 Atoms: 34161 FrameSize: 830138 TitleSize: 81 NumBox: 3 Seekable 1


PTRAJ: radial MD-RDF-Res21A 0.1 10 :WAT@O :21@OE*
Mask [:WAT@O] represents 10314 atoms
Mask [:21@OE*] represents 2 atoms

PTRAJ: radial MD-RDF-Res21B 0.1 10 :WAT@O :120@OE*
Mask [:WAT@O] represents 10314 atoms
Mask [:120@OE*] represents 2 atoms
[No output trajectory specified (trajout)]
  MD2.mdcrd: 1000 frames.

PTRAJ: Successfully read the input file.
       Coordinate processing will occur on 1000 frames.
       Summary of I/O and actions follows:

INPUT COORDINATE FILES
  File (MD2.mdcrd) is an AMBER trajectory (with box info) with 1000 sets

NO OUTPUT COORDINATE FILE WAS SPECIFIED

ACTIONS
  1>  RADIAL DISTRIBUTION FUNCTION: Output to MD-RDF-Res21A
      spacing is  0.100
      maximum is 10.000
      [This implies 100 bins]
      density is  0.033
      RDF will bin all solute-mask to solvent-mask distances
      Solvent atom selection is :205-10518@O
      Solute atom selection is :21@OE1,:21@OE2
  2>  RADIAL DISTRIBUTION FUNCTION: Output to MD-RDF-Res21B
      spacing is  0.100
      maximum is 10.000
      [This implies 100 bins]
      density is  0.033
      RDF will bin all solute-mask to solvent-mask distances
      Solvent atom selection is :205-10518@O
      Solute atom selection is :120@OE1,:120@OE2


Processing AMBER trajectory file MD2.mdcrd

 1% ............ 25% ............ 50% ............ 75% ............ 100% 


PTRAJ: Successfully read in 1000 sets and processed 1000 sets.

Dumping accumulated results (if any)

PTRAJ RADIAL: dumping radial distribution functions
  1000 visits, 196321 measurements from r = 2.346 to 10.000; max r = 10.000
  Density is 0.03346 (based on volume is 0.02939).  Cell volume is 350924.82559
PTRAJ RADIAL: dumping radial distribution functions
  1000 visits, 200176 measurements from r = 2.356 to 10.000; max r = 10.000
  Density is 0.03346 (based on volume is 0.02939).  Cell volume is 350924.82559
