
  \-/  
  -/-   PTRAJ: a utility for processing trajectory files
  /-\  
  \-/   Version: "AMBER 12.0 integrated" (4/2012)
  -/-   Executable is: "ptraj"
  /-\   Running on 1 processor(s)
  \-/   Residue labels:

 PRO  GLN  ILE  THR  LEU  TRP  GLN  ARG  PRO  LEU 
 VAL  THR  ILE  LYS  ILE  GLY  GLY  GLN  LEU  LYS 
 GLU  ALA  LEU  LEU  ASP  THR  GLY  ALA  ASP  ASP 
 THR  VAL  LEU  GLU  GLU  MET  SER  LEU  PRO  GLY 
 ARG  TRP  LYS  PRO  LYS  MET  ILE  GLY  GLY  ILE 
 GLY  GLY  PHE  ILE  LYS  VAL  ARG  GLN  TYR  ASP 
 GLN  ILE  LEU  ILE  GLU  ILE  CYS  GLY  HIE  LYS 
 ALA  ILE  GLY  THR  VAL  LEU  VAL  GLY  PRO  THR 
 PRO  VAL  ASN  ILE  ILE  GLY  ARG  ASN  LEU  LEU 
 THR  GLN  ILE  GLY  CYS  THR  LEU  ASN  PHE  PRO 
 GLN  ILE  THR  LEU  TRP  GLN  ARG  PRO  LEU  VAL 
 THR  ILE  LYS  ILE  GLY  GLY  GLN  LEU  LYS  GLU 
 ALA  LEU  LEU  ASH  THR  GLY  ALA  ASP  ASP  THR 
 VAL  LEU  GLU  GLU  MET  SER  LEU  PRO  GLY  ARG 
 TRP  LYS  PRO  LYS  MET  ILE  GLY  GLY  ILE  GLY 
 GLY  PHE  ILE  LYS  VAL  ARG  GLN  TYR  ASP  GLN 
 ILE  LEU  ILE  GLU  ILE  CYS  GLY  HIE  LYS  ALA 
 ILE  GLY  THR  VAL  LEU  VAL  GLY  PRO  THR  PRO 
 VAL  ASN  ILE  ILE  GLY  ARG  ASN  LEU  LEU  THR 
 GLN  ILE  GLY  CYS  THR  LEU  ASN  PHE  1UN  Cl- 
 Cl-  Cl-  Cl-  Cl-  WAT  WAT  WAT  WAT  WAT  WAT 
 WAT  WAT  WAT  WAT  WAT  WAT  WAT  WAT  WAT  WAT 
 ...
 WAT  WAT  WAT  WAT  WAT  WAT  WAT  WAT 


PTRAJ: Processing input from "STDIN" ...

PTRAJ: trajin MD2.mdcrd
  Checking coordinates: MD2.mdcrd
Rank: 0 Atoms: 34161 FrameSize: 830138 TitleSize: 81 NumBox: 3 Seekable 1


PTRAJ: center @CA
Mask [@CA] represents 198 atoms

PTRAJ: image center familiar
Mask [*] represents 34161 atoms

PTRAJ: donor mask :1-198@O
Mask [:1-198@O] represents 198 atoms

PTRAJ: acceptor mask :2-8,10-38,40-43,45-78,80,82-99,101-107,109-137,139-142,144-177,179,181-198@N :2-8,10-38,40-43,45-78,80,82-99,101-107,109-137,139-142,144-177,179,181-198@H
Mask [:2-8,10-38,40-43,45-78,80,82-99,101-107,109-137,139-142,144-177,179,181-198@N] represents 186 atoms
Mask [:2-8,10-38,40-43,45-78,80,82-99,101-107,109-137,139-142,144-177,179,181-198@H] represents 186 atoms

PTRAJ: acceptor mask :1,100@N :1,100@H2
Mask [:1,100@N] represents 2 atoms
Mask [:1,100@H2] represents 2 atoms

PTRAJ: acceptor mask :1,100@N :1,100@H3
Mask [:1,100@N] represents 2 atoms
Mask [:1,100@H3] represents 2 atoms

PTRAJ: donor mask :99,198@OXT
Mask [:99,198@OXT] represents 2 atoms

PTRAJ: donor mask :GLN@OE1
Mask [:GLN@OE1] represents 12 atoms

PTRAJ: donor mask :ASN@OD1
Mask [:ASN@OD1] represents 6 atoms

PTRAJ: donor mask :ASN@ND2
Mask [:ASN@ND2] represents 6 atoms

PTRAJ: donor mask :TYR@OH
Mask [:TYR@OH] represents 2 atoms

PTRAJ: donor mask :ASP@OD1
Mask [:ASP@OD1] represents 7 atoms

PTRAJ: donor mask :ASP@OD2
Mask [:ASP@OD2] represents 7 atoms

PTRAJ: donor mask :ASH@OD2
Mask [:ASH@OD2] represents 1 atoms

PTRAJ: donor mask :GLU@OE1
Mask [:GLU@OE1] represents 8 atoms

PTRAJ: donor mask :GLU@OE2
Mask [:GLU@OE2] represents 8 atoms

PTRAJ: donor mask :SER@OG
Mask [:SER@OG] represents 2 atoms

PTRAJ: donor mask :THR@OG1
Mask [:THR@OG1] represents 16 atoms

PTRAJ: donor mask :HIE@ND1
Mask [:HIE@ND1] represents 2 atoms

PTRAJ: acceptor mask :ASN@ND2 :ASN@HD21
Mask [:ASN@ND2] represents 6 atoms
Mask [:ASN@HD21] represents 6 atoms

PTRAJ: acceptor mask :ASN@ND2 :ASN@HD22
Mask [:ASN@ND2] represents 6 atoms
Mask [:ASN@HD22] represents 6 atoms

PTRAJ: acceptor mask :TYR@OH :TYR@HH
Mask [:TYR@OH] represents 2 atoms
Mask [:TYR@HH] represents 2 atoms

PTRAJ: acceptor mask :GLN@NE2 :GLN@HE21
Mask [:GLN@NE2] represents 12 atoms
Mask [:GLN@HE21] represents 12 atoms

PTRAJ: acceptor mask :GLN@NE2 :GLN@HE22
Mask [:GLN@NE2] represents 12 atoms
Mask [:GLN@HE22] represents 12 atoms

PTRAJ: acceptor mask :TRP@NE1 :TRP@HE1
Mask [:TRP@NE1] represents 4 atoms
Mask [:TRP@HE1] represents 4 atoms

PTRAJ: acceptor mask :LYS@NZ :LYS@HZ1
Mask [:LYS@NZ] represents 12 atoms
Mask [:LYS@HZ1] represents 12 atoms

PTRAJ: acceptor mask :LYS@NZ :LYS@HZ2
Mask [:LYS@NZ] represents 12 atoms
Mask [:LYS@HZ2] represents 12 atoms

PTRAJ: acceptor mask :LYS@NZ :LYS@HZ3
Mask [:LYS@NZ] represents 12 atoms
Mask [:LYS@HZ3] represents 12 atoms

PTRAJ: acceptor mask :SER@OG :SER@HG
Mask [:SER@OG] represents 2 atoms
Mask [:SER@HG] represents 2 atoms

PTRAJ: acceptor mask :THR@OG1 :THR@HG1
Mask [:THR@OG1] represents 16 atoms
Mask [:THR@HG1] represents 16 atoms

PTRAJ: acceptor mask :ARG@NH2 :ARG@HH21
Mask [:ARG@NH2] represents 8 atoms
Mask [:ARG@HH21] represents 8 atoms

PTRAJ: acceptor mask :ARG@NH2 :ARG@HH22
Mask [:ARG@NH2] represents 8 atoms
Mask [:ARG@HH22] represents 8 atoms

PTRAJ: acceptor mask :ARG@NH1 :ARG@HH11
Mask [:ARG@NH1] represents 8 atoms
Mask [:ARG@HH11] represents 8 atoms

PTRAJ: acceptor mask :ARG@NH1 :ARG@HH12
Mask [:ARG@NH1] represents 8 atoms
Mask [:ARG@HH12] represents 8 atoms

PTRAJ: acceptor mask :ARG@NE :ARG@HE
Mask [:ARG@NE] represents 8 atoms
Mask [:ARG@HE] represents 8 atoms

PTRAJ: acceptor mask :HIE@NE2 :HIE@HE2
Mask [:HIE@NE2] represents 2 atoms
Mask [:HIE@HE2] represents 2 atoms

PTRAJ: hbond distance 3.5 angle 140 print 0.05 series
[No output trajectory specified (trajout)]
  MD2.mdcrd: 1000 frames.

PTRAJ: Successfully read the input file.
       Coordinate processing will occur on 1000 frames.
       Summary of I/O and actions follows:

INPUT COORDINATE FILES
  File (MD2.mdcrd) is an AMBER trajectory (with box info) with 1000 sets

NO OUTPUT COORDINATE FILE WAS SPECIFIED

ACTIONS
  1>  CENTER to box center via center of geometry, atom selection follows :1-198@CA
  2>  IMAGE familiar by molecule to box center using the center of mass, atom selection   * (All atoms are selected)
  IMAGE familiar, center is at box center
  3>  HBOND inter-solvent hbonds will not be included,

      data will be sorted, intra-residue interactions will NOT be included, 
      Distance cutoff is 3.50 angstroms, angle cutoff is 140.00 degrees
      Hydrogen bond information will be dumped for occupancies > 0.05
      Estimated memory usage for this hbond call:   2.08 MB
      donors: 277  acceptors: 328



Processing AMBER trajectory file MD2.mdcrd

 1% ............ 25% ............ 50% ............ 75% ............ 100% 


PTRAJ: Successfully read in 1000 sets and processed 1000 sets.

Dumping accumulated results (if any)

  HBOND SUMMARY:

      data was sorted, intra-residue interactions are NOT included, 
      Distance cutoff is 3.50 angstroms, angle cutoff is 140.00 degrees
      Hydrogen bond information dumped for occupancies > 0.05

        DONOR         ACCEPTORH      ACCEPTOR
  atom# :res@atom   atom# :res@atom atom# :res@atom %occupied  distance       angle
|   950  :59@O   |  1179   :75@H    1178   :75@N   |  99.90  2.898 ( 0.12)  13.32 ( 7.07)
|  2515 :158@O   |  2744  :174@H    2743  :174@N   |  99.80  2.891 ( 0.11)  14.60 ( 7.20)
|   764  :47@O   |   833   :54@H     832   :54@N   |  99.50  2.892 ( 0.11)  18.80 ( 7.41)
|  2702 :170@O   |  2584  :163@H    2583  :163@N   |  99.40  2.895 ( 0.11)  14.47 ( 7.70)
|  2329 :146@O   |  2398  :153@H    2397  :153@N   |  99.40  2.931 ( 0.13)  18.55 ( 7.47)
|   304  :18@O   |   256   :15@H     255   :15@N   |  99.30  2.917 ( 0.12)  17.36 ( 7.26)
|  1868 :117@O   |  1820  :114@H    1819  :114@N   |  99.20  2.966 ( 0.14)  17.09 ( 6.99)
|  1137  :71@O   |  1019   :64@H    1018   :64@N   |  99.10  2.918 ( 0.12)  16.24 ( 8.07)
|   850  :54@O   |   747   :47@H     746   :47@N   |  99.10  2.923 ( 0.11)  16.49 ( 6.92)
|   370  :22@O   |   185   :11@H     184   :11@N   |  99.10  2.861 ( 0.11)  16.98 ( 7.96)
|  2415 :153@O   |  2312  :146@H    2311  :146@N   |  99.00  2.928 ( 0.12)  17.96 ( 7.46)
|  1909 :119@O   |  1779  :112@H    1778  :112@N   |  99.00  2.918 ( 0.13)  15.00 ( 8.15)
|  1326  :84@O   |   491   :32@H     490   :32@N   |  98.80  2.812 ( 0.09)  15.89 ( 7.99)
|   728  :45@O   |   874   :56@H     873   :56@N   |  98.80  2.812 ( 0.10)  15.71 ( 8.41)
|   345  :20@O   |   215   :13@H     214   :13@N   |  98.80  2.890 ( 0.12)  15.17 ( 8.08)
|  1953 :122@O   |  2893  :184@H    2892  :184@N   |  98.70  2.871 ( 0.10)  16.80 ( 8.02)
|  1934 :121@O   |  1749  :110@H    1748  :110@N   |  98.70  2.799 ( 0.09)  15.83 ( 8.57)
|  1307  :83@O   |   372   :23@H     371   :23@N   |  98.50  2.892 ( 0.11)  16.59 ( 8.72)
|  2293 :144@O   |  2439  :155@H    2438  :155@N   |  98.40  2.830 ( 0.10)  16.61 ( 8.53)
|  1345  :85@O   |   410   :25@H     409   :25@N   |  98.30  2.994 ( 0.15)  15.16 ( 7.95)
|   389  :23@O   |  1328   :85@H    1327   :85@N   |  98.20  2.847 ( 0.10)  16.46 ( 8.76)
|  1796 :112@O   |  1889  :119@H    1888  :119@N   |  98.10  2.873 ( 0.11)  16.50 ( 8.36)
|  1616 :102@O   |  1512   :97@H    1511   :97@N   |  98.10  3.037 ( 0.15)  15.17 ( 8.04)
|  2891 :183@O   |  2056  :131@H    2055  :131@N   |  98.00  2.838 ( 0.10)  17.30 ( 8.30)
|  2867 :182@OD1 |  2091  :133@H    2090  :133@N   |  98.00  2.900 ( 0.13)  16.78 ( 8.72)
|  1302  :83@OD1 |   526   :34@H     525   :34@N   |  98.00  2.920 ( 0.13)  18.13 ( 8.84)
|  2950 :187@OD1 |  2052  :130@HG1  2051  :130@OG1 |  97.80  2.850 ( 0.16)  16.62 ( 8.38)
|   232  :13@O   |   325   :20@H     324   :20@N   |  97.80  2.976 ( 0.13)  17.08 ( 8.00)
|  1529  :97@O   |  1599  :102@H    1598  :102@N   |  97.70  2.882 ( 0.11)  19.23 ( 8.44)
|  2758 :174@O   |  2496  :158@H    2495  :158@N   |  97.10  2.978 ( 0.12)  16.64 ( 8.94)
|   912  :57@O   |  1214   :77@H    1213   :77@N   |  97.10  2.861 ( 0.11)  18.88 ( 8.98)
|   692  :43@O   |   914   :58@H     913   :58@N   |  97.10  2.846 ( 0.10)  20.15 ( 8.40)
|  3094 :196@O   |    35    :3@H      34    :3@N   |  96.90  2.837 ( 0.10)  18.10 ( 8.49)
|  1385  :88@OD1 |   487   :31@HG1   486   :31@OG1 |  96.90  2.896 ( 0.19)  16.61 ( 8.26)
|  1454  :92@OE1 |  1139   :72@H    1138   :72@N   |  96.80  2.907 ( 0.15)  18.76 ( 8.16)
|   461  :29@OD2 |  1711  :107@HH21 1710  :107@NH2 |  96.70  2.808 ( 0.11)  18.81 ( 8.54)
|  3108 :197@O   |  1498   :96@H    1497   :96@N   |  96.50  2.992 ( 0.16)  22.11 ( 7.56)
|  2872 :182@O   |  1936  :122@H    1935  :122@N   |  96.40  3.009 ( 0.15)  18.64 ( 8.61)
|  2494 :157@O   |  2237  :142@H    2236  :142@N   |  96.40  3.005 ( 0.15)  19.66 ( 7.91)
|   998  :62@O   |  1158   :73@H    1157   :73@N   |  96.40  3.049 ( 0.16)  21.95 ( 6.94)
|  1156  :72@O   |  1456   :92@HE21 1455   :92@NE2 |  96.30  2.872 ( 0.13)  17.04 ( 8.42)
|    85   :5@O   |  2935  :186@HH11 2934  :186@NH1 |  96.20  2.903 ( 0.15)  21.50 ( 8.55)
|  1105  :69@O   |  1053   :66@H    1052   :66@N   |  96.10  2.924 ( 0.14)  17.77 ( 8.56)
|  2563 :161@O   |  2723  :172@H    2722  :172@N   |  95.80  3.012 ( 0.16)  22.47 ( 7.96)
|  1428  :90@O   |  1487   :95@H    1486   :95@N   |  95.80  2.973 ( 0.14)  21.33 ( 7.94)
|  2670 :168@O   |  2618  :165@H    2617  :165@N   |  95.40  2.858 ( 0.11)  17.51 ( 9.01)
|  2477 :156@O   |  2779  :176@H    2778  :176@N   |  95.40  2.848 ( 0.11)  19.65 ( 9.03)
|  1818 :113@O   |  2603  :164@H    2602  :164@N   |  95.40  3.114 ( 0.16)  18.18 ( 8.51)
|    52   :3@O   |  3077  :196@H    3076  :196@N   |  95.40  3.047 ( 0.15)  17.58 ( 8.77)
|  2777 :175@O   |  2072  :132@H    2071  :132@N   |  95.10  2.888 ( 0.12)  17.75 ( 9.21)
|  1193  :75@O   |   931   :59@H     930   :59@N   |  95.10  2.971 ( 0.13)  20.16 ( 8.82)
|   199  :11@O   |   362   :22@H     361   :22@N   |  94.90  2.936 ( 0.12)  19.03 ( 9.33)
|   460  :29@OD1 |  1705  :107@HE   1704  :107@NE  |  94.50  2.965 ( 0.15)  18.03 ( 8.49)
|   408  :24@O   |  1997  :125@HG1  1996  :125@OG1 |  94.40  2.845 ( 0.17)  20.05 ( 9.00)
|  2721 :171@O   |  3021  :191@HE21 3020  :191@NE2 |  94.20  2.901 ( 0.14)  19.90 ( 8.79)
|   460  :29@OD1 |  1373   :87@HH21 1372   :87@NH2 |  94.20  2.788 ( 0.10)  19.24 ( 8.90)
|  1924 :120@O   |  2870  :182@HD22 2868  :182@ND2 |  94.00  2.964 ( 0.15)  17.70 ( 8.88)
|  1649 :104@O   |  1370   :87@HH11 1369   :87@NH1 |  94.00  2.906 ( 0.14)  23.00 ( 8.36)
|   524  :33@O   |  1230   :78@H    1229   :78@N   |  93.70  3.083 ( 0.17)  16.68 ( 8.30)
|   254  :14@O   |  1038   :65@H    1037   :65@N   |  93.50  3.109 ( 0.17)  18.02 ( 8.87)
|   929  :58@O   |   672   :43@H     671   :43@N   |  92.80  3.039 ( 0.16)  20.93 ( 8.53)
|   417  :25@OD1 |   436   :27@H     435   :27@N   |  92.70  3.029 ( 0.19)  19.44 ( 9.09)
|  1163  :73@O   |   981   :62@H     980   :62@N   |  92.50  2.986 ( 0.15)  18.58 ( 9.51)
|  2257 :142@O   |  2479  :157@H    2478  :157@N   |  92.40  2.826 ( 0.10)  21.13 ( 8.77)
|  1763 :110@O   |  1926  :121@H    1925  :121@N   |  92.00  3.018 ( 0.14)  19.66 ( 9.12)
|  2993 :189@O   |  3052  :194@H    3051  :194@N   |  91.80  2.945 ( 0.13)  22.85 ( 8.58)
|  1510  :96@O   |  3096  :197@H    3095  :197@N   |  91.30  2.977 ( 0.13)  20.01 ( 9.23)
|  1543  :98@O   |  3063  :195@H    3062  :195@N   |  91.10  3.020 ( 0.16)  21.44 ( 8.33)
|  3075 :195@O   |  1531   :98@H    1530   :98@N   |  91.00  3.109 ( 0.16)  19.82 ( 9.08)
|   505  :32@O   |  1309   :84@H    1308   :84@N   |  90.80  2.844 ( 0.10)  18.72 ( 9.42)
|  2070 :131@O   |  2874  :183@H    2873  :183@N   |  90.20  2.870 ( 0.11)  19.50 ( 9.58)
|  1728 :108@O   |  1955  :123@H    1954  :123@N   |  89.70  3.128 ( 0.16)  23.51 ( 7.92)
|   273  :15@O   |   289   :18@H     288   :18@N   |  89.50  2.931 ( 0.14)  23.98 ( 7.80)
|  1051  :65@O   |   234   :14@H     233   :14@N   |  89.40  3.021 ( 0.16)  24.21 ( 7.73)
|   489  :31@O   |  1195   :76@H    1194   :76@N   |  89.20  2.919 ( 0.14)  24.31 ( 8.42)
|  1972 :123@O   |   432   :26@HG1   431   :26@OG1 |  88.90  2.926 ( 0.20)  24.13 ( 8.59)
|  1212  :76@O   |   507   :33@H     506   :33@N   |  88.80  2.894 ( 0.11)  20.46 ( 9.80)
|  1376  :87@O   |  1430   :91@H    1429   :91@N   |  88.70  3.098 ( 0.17)  17.82 ( 9.31)
|  2601 :163@O   |  2694  :170@H    2693  :170@N   |  88.30  2.888 ( 0.11)  20.99 ( 9.57)
|  1070  :66@O   |  1090   :69@H    1089   :69@N   |  87.90  3.055 ( 0.17)  21.84 ( 8.80)
|  2941 :186@O   |  2995  :190@H    2994  :190@N   |  87.80  3.159 ( 0.17)  18.04 ( 8.74)
|  1036  :64@O   |  1129   :71@H    1128   :71@N   |  87.60  2.874 ( 0.12)  19.65 ( 9.47)
|  2910 :184@O   |  1974  :124@H    1973  :124@N   |  87.20  2.962 ( 0.14)  21.64 ( 9.59)
|  2635 :165@O   |  2655  :168@H    2654  :168@N   |  87.00  2.953 ( 0.15)  22.64 ( 8.65)
|  2616 :164@O   |  1798  :113@H    1797  :113@N   |  86.50  2.986 ( 0.16)  25.33 ( 7.84)
|  3019 :191@OE1 |  2704  :171@H    2703  :171@N   |  85.80  2.919 ( 0.15)  19.12 ( 9.21)
|  1837 :114@O   |  1853  :117@H    1852  :117@N   |  85.40  3.047 ( 0.17)  22.98 ( 8.06)
|  2728 :172@O   |  2546  :161@H    2545  :161@N   |  84.70  3.043 ( 0.17)  21.67 ( 9.45)
|  2376 :151@O   |  2338  :148@H    2337  :148@N   |  84.60  2.980 ( 0.16)  20.46 ( 9.65)
|  2089 :132@O   |  2795  :177@H    2794  :177@N   |  84.60  3.176 ( 0.16)  17.01 ( 8.44)
|  2016 :127@O   |  2919  :186@H    2918  :186@N   |  84.10  3.062 ( 0.18)  18.03 ( 8.85)
|  1777 :111@O   |  2637  :166@H    2636  :166@N   |  82.80  3.023 ( 0.18)  19.41 ( 9.33)
|  1260  :80@OG1 |  1279   :82@H    1278   :82@N   |  82.00  3.198 ( 0.17)  15.47 ( 7.96)
|  1352  :86@O   |  1392   :89@H    1391   :89@N   |  81.90  3.172 ( 0.16)  21.78 ( 9.12)
|  2524 :159@OD1 |  2740  :173@HG1  2739  :173@OG1 |  81.80  2.685 ( 0.13)  17.12 ( 7.93)
|   797  :50@O   |  2364  :150@H    2363  :150@N   |  80.90  3.078 ( 0.17)  22.66 ( 9.38)
|  1580 :100@O   |  1545   :99@H    1544   :99@N   |  80.80  3.097 ( 0.16)  22.36 ( 9.33)
|   811  :52@O   |   773   :49@H     772   :49@N   |  80.30  3.090 ( 0.17)  20.17 ( 9.35)
|  2917 :185@O   |  2957  :188@H    2956  :188@N   |  80.00  3.196 ( 0.16)  20.46 ( 9.39)
|  1352  :86@O   |  1411   :90@H    1410   :90@N   |  79.60  3.210 ( 0.16)  16.11 ( 8.79)
|  1564  :99@OXT |  1566  :100@H2   1565  :100@N   |  78.10  2.774 ( 0.10)  24.75 ( 9.00)
|   451  :28@O   |  1354   :87@H    1353   :87@N   |  77.90  2.954 ( 0.16)  23.20 ( 9.53)
|   164   :9@O   |   391   :24@H     390   :24@N   |  76.70  3.129 ( 0.17)  22.87 ( 8.78)
|  2974 :188@O   |  3026  :192@H    3025  :192@N   |  76.40  3.170 ( 0.18)  23.05 ( 8.59)
|  3103 :197@OD1 |    31    :2@HE22   29    :2@NE2 |  75.80  2.943 ( 0.16)  20.31 ( 9.15)
|  2054 :130@O   |  2760  :175@H    2759  :175@N   |  75.60  2.997 ( 0.15)  25.36 ( 9.17)
|  3072 :195@OG1 |  3105  :197@HD21 3104  :197@ND2 |  74.40  3.019 ( 0.16)  25.12 ( 9.12)
|  2051 :130@OG1 |  2912  :185@H    2911  :185@N   |  74.10  3.082 ( 0.16)  23.05 ( 9.83)
|   486  :31@OG1 |  1347   :86@H    1346   :86@N   |  72.90  3.134 ( 0.17)  21.28 ( 9.83)
|   959  :60@OD1 |  1175   :74@HG1  1174   :74@OG1 |  72.30  2.721 ( 0.15)  17.35 ( 8.48)
|  2793 :176@O   |  2455  :156@H    2454  :156@N   |  71.80  3.103 ( 0.17)  24.79 ( 9.25)
|  1538  :98@OD1 |  1595  :101@HE22 1593  :101@NE2 |  71.40  2.953 ( 0.17)  20.25 ( 9.06)
|  1228  :77@O   |   890   :57@H     889   :57@N   |  71.30  3.006 ( 0.16)  24.88 ( 9.26)
|  2026 :128@OD2 |   147    :8@HH21  146    :8@NH2 |  68.70  2.919 ( 0.17)  22.67 ( 9.64)
|  2117 :134@OE2 |  2475  :156@HH22 2473  :156@NH2 |  68.20  2.860 ( 0.15)  20.65 ( 9.75)
|  2025 :128@OD1 |   141    :8@HE    140    :8@NE  |  63.80  2.962 ( 0.18)  23.08 ( 9.78)
|   417  :25@OD1 |  2001  :126@H    2000  :126@N   |  63.10  3.025 ( 0.17)  24.14 ( 9.23)
|  1409  :89@O   |  1461   :93@H    1460   :93@N   |  61.30  3.197 ( 0.17)  24.00 ( 8.63)
|  1177  :74@O   |  1387   :88@HD21 1386   :88@ND2 |  61.20  2.940 ( 0.15)  28.65 ( 7.96)
|  1996 :125@OG1 |   422   :26@H     421   :26@N   |  56.10  3.213 ( 0.15)  26.35 ( 8.07)
|  2825 :179@OG1 |  2844  :181@H    2843  :181@N   |  55.50  3.256 ( 0.16)  14.36 ( 7.57)
|   213  :12@O   |  1072   :67@H    1071   :67@N   |  54.60  3.086 ( 0.21)  18.93 ( 9.33)
|  2025 :128@OD1 |  2938  :186@HH21 2937  :186@NH2 |  52.80  2.807 ( 0.12)  22.37 ( 9.41)
|    16   :1@O   |  3110  :198@H    3109  :198@N   |  50.10  3.032 ( 0.16)  22.86 (10.02)
|  3007 :190@O   |  3045  :193@H    3044  :193@N   |  48.20  3.149 ( 0.18)  31.23 ( 6.37)
|  2917 :185@O   |  2976  :189@H    2975  :189@N   |  47.40  3.309 ( 0.13)  17.36 ( 9.20)
|  2742 :173@O   |  2952  :187@HD21 2951  :187@ND2 |  45.70  3.034 ( 0.18)  30.29 ( 6.94)
|  1442  :91@O   |  1480   :94@H    1479   :94@N   |  45.40  3.149 ( 0.18)  31.08 ( 6.44)
|  2453 :155@O   |  2273  :144@H    2272  :144@N   |  43.80  3.058 ( 0.15)  26.65 ( 9.41)
|  1507  :96@OG1 |  1540   :98@HD21 1539   :98@ND2 |  41.20  2.992 ( 0.15)  27.85 ( 9.03)
|   537  :34@OE2 |  1304   :83@HD21 1303   :83@ND2 |  40.30  2.952 ( 0.16)  26.38 ( 8.82)
|  3104 :197@ND2 |  1541   :98@HD22 1539   :98@ND2 |  39.90  3.183 ( 0.17)  22.85 ( 9.87)
|   417  :25@OD1 |  1987  :125@H    1986  :125@N   |  39.80  3.051 ( 0.18)  26.16 ( 8.95)
|   418  :25@OD2 |   443   :28@H     442   :28@N   |  36.60  2.981 ( 0.17)  24.08 ( 9.10)
|   888  :56@O   |   708   :45@H     707   :45@N   |  31.30  3.033 ( 0.14)  27.14 ( 9.80)
|  2525 :159@OD2 |  2254  :142@HZ2  2252  :142@NZ  |  30.70  2.817 ( 0.13)  24.55 ( 9.12)
|  3129 :198@OXT |     3    :1@H3      1    :1@N   |  30.10  2.755 ( 0.09)  20.95 ( 9.28)
|  2343 :148@O   |  2371  :151@H    2370  :151@N   |  29.60  3.229 ( 0.17)  25.75 ( 8.18)
|   360  :21@O   |  1305   :83@HD22 1303   :83@ND2 |  29.40  3.014 ( 0.17)  18.51 ( 9.42)
|  2028 :128@O   |  2943  :187@H    2942  :187@N   |  29.00  3.249 ( 0.16)  25.35 ( 8.66)
|  2524 :159@OD1 |  2492  :157@HE22 2490  :157@NE2 |  28.60  2.954 ( 0.17)  20.94 ( 9.14)
|  2038 :129@OD2 |  2289  :144@HZ1  2288  :144@NZ  |  27.90  2.899 ( 0.16)  27.50 ( 8.81)
|  2025 :128@OD1 |   147    :8@HH21  146    :8@NH2 |  27.60  2.990 ( 0.20)  27.15 ( 9.23)
|  3128 :198@O   |     2    :1@H2      1    :1@N   |  24.60  2.792 ( 0.11)  26.17 ( 8.72)
|  2026 :128@OD2 |   141    :8@HE    140    :8@NE  |  24.50  3.081 ( 0.21)  28.96 ( 9.06)
|   472  :30@OD1 |   725   :45@HZ2   723   :45@NZ  |  23.20  2.870 ( 0.15)  25.57 ( 9.16)
|  2525 :159@OD2 |  2492  :157@HE22 2490  :157@NE2 |  22.80  2.930 ( 0.18)  22.61 (10.05)
|   417  :25@OD1 |   443   :28@H     442   :28@N   |  22.40  2.982 ( 0.17)  17.33 ( 8.71)
|  2037 :129@OD1 |  2289  :144@HZ1  2288  :144@NZ  |  21.10  2.947 ( 0.19)  27.09 ( 8.55)
|  1048  :65@OE1 |  1123   :70@HZ1  1122   :70@NZ  |  19.40  2.805 ( 0.12)  22.20 ( 9.44)
|  1409  :89@O   |  1444   :92@H    1443   :92@N   |  18.70  2.971 ( 0.15)  31.76 ( 6.20)
|  2974 :188@O   |  3009  :191@H    3008  :191@N   |  17.80  2.995 ( 0.15)  31.56 ( 6.59)
|   778  :49@O   |   806   :52@H     805   :52@N   |  16.20  3.316 ( 0.15)  26.89 ( 7.06)
|   299  :18@OE1 |   341   :20@HZ1   340   :20@NZ  |  16.20  2.821 ( 0.13)  27.57 ( 8.21)
|   460  :29@OD1 |  1367   :87@HE   1366   :87@NE  |  16.00  3.062 ( 0.18)  34.23 ( 4.80)
|  1714 :107@O   |  1730  :109@H    1729  :109@N   |  15.90  2.830 ( 0.11)  32.76 ( 5.52)
|   463  :29@O   |  1378   :88@H    1377   :88@N   |  15.80  3.182 ( 0.17)  26.54 ( 8.52)
|  2955 :187@O   |  3022  :191@HE22 3020  :191@NE2 |  15.20  3.124 ( 0.21)  22.96 ( 9.57)
|   273  :15@O   |   302   :18@HE22  300   :18@NE2 |  15.00  2.984 ( 0.16)  17.77 ( 7.78)
|   431  :26@OG1 |  1987  :125@H    1986  :125@N   |  14.20  3.253 ( 0.15)  29.75 ( 7.31)
|  1507  :96@OG1 |  1595  :101@HE22 1593  :101@NE2 |  13.70  3.030 ( 0.16)  20.23 ( 9.05)
|   959  :60@OD1 |   964   :61@H     963   :61@N   |  13.70  2.973 ( 0.17)  34.06 ( 4.87)
|   441  :27@O   |  1367   :87@HE   1366   :87@NE  |  13.50  3.222 ( 0.18)  31.07 ( 6.14)
|   924  :58@OE1 |   724   :45@HZ1   723   :45@NZ  |  12.60  2.872 ( 0.13)  21.86 ( 9.01)
|  2800 :177@O   |  2106  :134@H    2105  :134@N   |  12.40  3.028 ( 0.16)  28.16 ( 9.50)
|  3128 :198@O   |     3    :1@H3      1    :1@N   |  12.30  2.754 ( 0.09)  23.47 ( 9.70)
|   472  :30@OD1 |   726   :45@HZ3   723   :45@NZ  |  11.30  2.846 ( 0.16)  26.53 ( 9.17)
|  2858 :181@O   |  2826  :179@HG1  2825  :179@OG1 |  10.50  2.852 ( 0.16)  32.17 ( 6.73)
|  3072 :195@OG1 |    31    :2@HE22   29    :2@NE2 |  10.30  3.076 ( 0.17)  18.46 (10.16)
|  2525 :159@OD2 |  2253  :142@HZ1  2252  :142@NZ  |  10.20  2.829 ( 0.13)  28.33 ( 9.17)
|   473  :30@OD2 |   725   :45@HZ2   723   :45@NZ  |   9.70  3.028 ( 0.23)  25.72 ( 9.44)
|  1428  :90@O   |  1461   :93@H    1460   :93@N   |   9.50  3.292 ( 0.15)  30.62 ( 7.06)
|  1293  :82@O   |  1261   :80@HG1  1260   :80@OG1 |   9.40  2.796 ( 0.13)  32.48 ( 6.32)
|  1376  :87@O   |  1440   :91@HG1  1439   :91@OG1 |   9.30  2.833 ( 0.17)  19.08 ( 9.68)
|   460  :29@OD1 |  1711  :107@HH21 1710  :107@NH2 |   9.00  3.201 ( 0.18)  35.22 ( 5.54)
|   299  :18@OE1 |   342   :20@HZ2   340   :20@NZ  |   8.80  2.884 ( 0.15)  29.34 ( 7.73)
|  3129 :198@OXT |     2    :1@H2      1    :1@N   |   8.70  2.766 ( 0.11)  26.06 ( 8.98)
|  2117 :134@OE2 |  2472  :156@HH12 2470  :156@NH1 |   8.70  3.016 ( 0.20)  31.82 ( 7.13)
|  1070  :66@O   |  1083   :68@H    1082   :68@N   |   8.70  2.808 ( 0.09)  29.73 ( 6.61)
|  3075 :195@O   |  3106  :197@HD22 3104  :197@ND2 |   7.90  3.153 ( 0.18)  34.16 ( 6.45)
|  1863 :117@OE1 |  1906  :119@HZ2  1904  :119@NZ  |   7.70  2.879 ( 0.15)  24.20 ( 9.68)
|  1863 :117@OE1 |  1907  :119@HZ3  1904  :119@NZ  |   7.50  2.896 ( 0.13)  22.55 (10.00)
|   461  :29@OD2 |  1705  :107@HE   1704  :107@NE  |   7.50  3.224 ( 0.16)  36.28 ( 3.07)
|   571  :36@O   |   584   :38@H     583   :38@N   |   7.40  2.945 ( 0.13)  32.01 ( 5.27)
|  2038 :129@OD2 |  2290  :144@HZ2  2288  :144@NZ  |   7.20  2.983 ( 0.19)  28.66 ( 9.15)
|  1510  :96@O   |  3106  :197@HD22 3104  :197@ND2 |   7.20  3.223 ( 0.20)  21.32 ( 8.61)
|  2026 :128@OD2 |  2938  :186@HH21 2937  :186@NH2 |   7.00  2.941 ( 0.22)  24.73 ( 9.55)
|   943  :59@OH  |   584   :38@H     583   :38@N   |   7.00  3.330 ( 0.11)  19.17 (10.83)
|   797  :50@O   |  2371  :151@H    2370  :151@N   |   7.00  3.243 ( 0.17)  28.97 ( 8.59)
|   924  :58@OE1 |   725   :45@HZ2   723   :45@NZ  |   6.80  2.939 ( 0.16)  20.35 ( 9.24)
|  1048  :65@OE1 |  1124   :70@HZ2  1122   :70@NZ  |   6.70  2.785 ( 0.13)  22.99 (10.14)
|  2662 :168@ND1 |  2672  :169@H    2671  :169@N   |   6.60  3.017 ( 0.13)  30.87 ( 6.72)
|   299  :18@OE1 |   343   :20@HZ3   340   :20@NZ  |   6.60  2.865 ( 0.14)  28.93 ( 7.02)
|   472  :30@OD1 |   724   :45@HZ1   723   :45@NZ  |   6.40  2.868 ( 0.17)  25.80 ( 9.60)
|  2025 :128@OD1 |  2932  :186@HE   2931  :186@NE  |   6.30  3.021 ( 0.20)  29.09 ( 8.95)
|  1235  :78@O   |   541   :35@H     540   :35@N   |   6.30  3.083 ( 0.22)  32.26 ( 7.38)
|  2614 :164@OE2 |  1816  :113@HZ3  1813  :113@NZ  |   6.10  2.969 ( 0.18)  20.08 ( 9.47)
|  1048  :65@OE1 |  1125   :70@HZ3  1122   :70@NZ  |   5.80  2.842 ( 0.14)  25.73 ( 9.06)
|  1385  :88@OD1 |   477   :31@H     476   :31@N   |   5.70  3.004 ( 0.15)  29.81 ( 8.18)
|  2941 :186@O   |  3005  :190@HG1  3004  :190@OG1 |   5.60  2.885 ( 0.21)  23.37 ( 9.53)
|   150   :8@O   |   166   :10@H     165   :10@N   |   5.40  2.864 ( 0.11)  34.53 ( 4.58)
|  2635 :165@O   |  2648  :167@H    2647  :167@N   |   5.20  2.774 ( 0.08)  28.31 ( 7.50)
 ---------------- --------------------------------- -------------------------------------
